0 info it worked if it ends with ok
1 verbose cli [ '/usr/local/bin/node',
1 verbose cli   '/usr/local/bin/npm',
1 verbose cli   'version',
1 verbose cli   '0.0.5' ]
2 info using npm@2.15.1
3 info using node@v4.4.3
4 info git [ 'status', '--porcelain' ]
5 verbose stack Error: Git working directory not clean.
5 verbose stack M  config.json
5 verbose stack M  index.js
5 verbose stack A  npm-debug.log
5 verbose stack M  package.json
5 verbose stack A  public/favicon.ico
5 verbose stack A  public/index.html
5 verbose stack A  public/main.js
5 verbose stack A  public/style.css
5 verbose stack     at /usr/local/lib/node_modules/npm/lib/version.js:171:21
5 verbose stack     at ChildProcess.exithandler (child_process.js:204:7)
5 verbose stack     at emitTwo (events.js:87:13)
5 verbose stack     at ChildProcess.emit (events.js:172:7)
5 verbose stack     at maybeClose (internal/child_process.js:827:16)
5 verbose stack     at Socket.<anonymous> (internal/child_process.js:319:11)
5 verbose stack     at emitOne (events.js:77:13)
5 verbose stack     at Socket.emit (events.js:169:7)
5 verbose stack     at Pipe._onclose (net.js:477:12)
6 verbose cwd /Users/rgoldin/Documents/Equipment/Pentair/nodejs-Pentair
7 error Darwin 15.5.0
8 error argv "/usr/local/bin/node" "/usr/local/bin/npm" "version" "0.0.5"
9 error node v4.4.3
10 error npm  v2.15.1
11 error Git working directory not clean.
11 error M  config.json
11 error M  index.js
11 error A  npm-debug.log
11 error M  package.json
11 error A  public/favicon.ico
11 error A  public/index.html
11 error A  public/main.js
11 error A  public/style.css
12 error If you need help, you may report this error at:
12 error     <https://github.com/npm/npm/issues>
13 verbose exit [ 1, true ]
